-------------------------------------------------------------------------------
Test set: com.example.demo.service.BonusServiceTest
-------------------------------------------------------------------------------
Tests run: 2, Failures: 0, Errors: 2, Skipped: 0, Time elapsed: 0.372 s <<< FAILURE! - in com.example.demo.service.BonusServiceTest
chooseBonuse(com.example.demo.service.BonusServiceTest)  Time elapsed: 0 s  <<< ERROR!
java.lang.IllegalStateException: Failed to load ApplicationContext
Caused by: org.springframework.beans.factory.support.BeanDefinitionOverrideException: Invalid bean definition with name 'bonusGameController' defined in class path resource [com/example/demo/context/BonusServiceTestContext.class]: Cannot register bean definition [Root bean: class [null]; scope=; abstract=false; lazyInit=false; autowireMode=3; dependencyCheck=0; autowireCandidate=true; primary=false; factoryBeanName=com.example.demo.context.BonusServiceTestContext; factoryMethodName=bonusGameController; initMethodName=null; destroyMethodName=(inferred); defined in class path resource [com/example/demo/context/BonusServiceTestContext.class]] for bean 'bonusGameController': There is already [Generic bean: class [com.example.demo.controller.BonusGameController]; scope=singleton; abstract=false; lazyInit=false; autowireMode=0; dependencyCheck=0; autowireCandidate=true; primary=false; factoryBeanName=null; factoryMethodName=null; initMethodName=null; destroyMethodName=null; defined in file [D:\projects\personal\BonusService\target\classes\com\example\demo\controller\BonusGameController.class]] bound.

getAllBonuses(com.example.demo.service.BonusServiceTest)  Time elapsed: 0 s  <<< ERROR!
java.lang.IllegalStateException: Failed to load ApplicationContext
Caused by: org.springframework.beans.factory.support.BeanDefinitionOverrideException: Invalid bean definition with name 'bonusGameController' defined in class path resource [com/example/demo/context/BonusServiceTestContext.class]: Cannot register bean definition [Root bean: class [null]; scope=; abstract=false; lazyInit=false; autowireMode=3; dependencyCheck=0; autowireCandidate=true; primary=false; factoryBeanName=com.example.demo.context.BonusServiceTestContext; factoryMethodName=bonusGameController; initMethodName=null; destroyMethodName=(inferred); defined in class path resource [com/example/demo/context/BonusServiceTestContext.class]] for bean 'bonusGameController': There is already [Generic bean: class [com.example.demo.controller.BonusGameController]; scope=singleton; abstract=false; lazyInit=false; autowireMode=0; dependencyCheck=0; autowireCandidate=true; primary=false; factoryBeanName=null; factoryMethodName=null; initMethodName=null; destroyMethodName=null; defined in file [D:\projects\personal\BonusService\target\classes\com\example\demo\controller\BonusGameController.class]] bound.

