-------------------------------------------------------------------------------
Test set: com.example.demo.BonusServiceApplicationTests
-------------------------------------------------------------------------------
Tests run: 1, Failures: 0, Errors: 1, Skipped: 0, Time elapsed: 1.398 s <<< FAILURE! - in com.example.demo.BonusServiceApplicationTests
contextLoads(com.example.demo.BonusServiceApplicationTests)  Time elapsed: 0.002 s  <<< ERROR!
java.lang.IllegalStateException: Failed to load ApplicationContext
Caused by: org.springframework.beans.factory.support.BeanDefinitionOverrideException: Invalid bean definition with name 'bonusGameController' defined in class path resource [com/example/demo/context/BonusServiceContext.class]: Cannot register bean definition [Root bean: class [null]; scope=; abstract=false; lazyInit=false; autowireMode=3; dependencyCheck=0; autowireCandidate=true; primary=false; factoryBeanName=bonusServiceContext; factoryMethodName=bonusGameController; initMethodName=null; destroyMethodName=(inferred); defined in class path resource [com/example/demo/context/BonusServiceContext.class]] for bean 'bonusGameController': There is already [Generic bean: class [com.example.demo.controller.BonusGameController]; scope=singleton; abstract=false; lazyInit=false; autowireMode=0; dependencyCheck=0; autowireCandidate=true; primary=false; factoryBeanName=null; factoryMethodName=null; initMethodName=null; destroyMethodName=null; defined in file [D:\projects\personal\BonusService\target\classes\com\example\demo\controller\BonusGameController.class]] bound.

