-------------------------------------------------------------------------------
Test set: com.example.demo.controller.BonusGameControllerTest
-------------------------------------------------------------------------------
Tests run: 2, Failures: 0, Errors: 2, Skipped: 0, Time elapsed: 4.415 s <<< FAILURE! - in com.example.demo.controller.BonusGameControllerTest
chooseBonuse(com.example.demo.controller.BonusGameControllerTest)  Time elapsed: 0.267 s  <<< ERROR!
org.mockito.exceptions.misusing.MissingMethodInvocationException: 

when() requires an argument which has to be 'a method call on a mock'.
For example:
    when(mock.getArticles()).thenReturn(articles);

Also, this error might show up because:
1. you stub either of: final/private/equals()/hashCode() methods.
   Those methods *cannot* be stubbed/verified.
   Mocking methods declared on non-public parent classes is not supported.
2. inside when() you don't call method on mock but on some other object.

	at com.example.demo.controller.BonusGameControllerTest.before(BonusGameControllerTest.java:43)

getAllBonuses(com.example.demo.controller.BonusGameControllerTest)  Time elapsed: 0.214 s  <<< ERROR!
org.mockito.exceptions.misusing.MissingMethodInvocationException: 

when() requires an argument which has to be 'a method call on a mock'.
For example:
    when(mock.getArticles()).thenReturn(articles);

Also, this error might show up because:
1. you stub either of: final/private/equals()/hashCode() methods.
   Those methods *cannot* be stubbed/verified.
   Mocking methods declared on non-public parent classes is not supported.
2. inside when() you don't call method on mock but on some other object.

	at com.example.demo.controller.BonusGameControllerTest.before(BonusGameControllerTest.java:43)

