<?xml version="1.0" encoding="UTF-8"?>
<testsuite xmlns:xsi="http://www.w3.org/2001/XMLSchema-instance" xsi:noNamespaceSchemaLocation="https://maven.apache.org/surefire/maven-surefire-plugin/xsd/surefire-test-report.xsd" name="com.example.demo.controller.BonusGameControllerTest" time="4.415" tests="2" errors="2" skipped="0" failures="0">
  <properties>
[...]
</properties>
  <testcase name="chooseBonuse" classname="com.example.demo.controller.BonusGameControllerTest" time="0.267">
    <error message="&#10;when() requires an argument which has to be &apos;a method call on a mock&apos;.&#10;For example:&#10;    when(mock.getArticles()).thenReturn(articles);&#10;&#10;Also, this error might show up because:&#10;1. you stub either of: final/private/equals()/hashCode() methods.&#10;   Those methods *cannot* be stubbed/verified.&#10;   Mocking methods declared on non-public parent classes is not supported.&#10;2. inside when() you don&apos;t call method on mock but on some other object.&#10;" type="org.mockito.exceptions.misusing.MissingMethodInvocationException">org.mockito.exceptions.misusing.MissingMethodInvocationException: 

when() requires an argument which has to be 'a method call on a mock'.
For example:
    when(mock.getArticles()).thenReturn(articles);

Also, this error might show up because:
1. you stub either of: final/private/equals()/hashCode() methods.
   Those methods *cannot* be stubbed/verified.
   Mocking methods declared on non-public parent classes is not supported.
2. inside when() you don't call method on mock but on some other object.

	at com.example.demo.controller.BonusGameControllerTest.before(BonusGameControllerTest.java:43)
</error>
    <system-out><![CDATA[2019-08-08 12:48:34.802  INFO 14148 --- [           main] .b.t.c.SpringBootTestContextBootstrapper : Neither @ContextConfiguration nor @ContextHierarchy found for test class [com.example.demo.controller.BonusGameControllerTest], using SpringBootContextLoader
2019-08-08 12:48:34.803  INFO 14148 --- [           main] o.s.t.c.support.AbstractContextLoader    : Could not detect default resource locations for test class [com.example.demo.controller.BonusGameControllerTest]: no resource found for suffixes {-context.xml, Context.groovy}.
2019-08-08 12:48:34.803  INFO 14148 --- [           main] t.c.s.AnnotationConfigContextLoaderUtils : Could not detect default configuration classes for test class [com.example.demo.controller.BonusGameControllerTest]: BonusGameControllerTest does not declare any static, non-private, non-final, nested classes annotated with @Configuration.
2019-08-08 12:48:34.821  INFO 14148 --- [           main] .b.t.c.SpringBootTestContextBootstrapper : Found @SpringBootConfiguration com.example.demo.BonusServiceApplication for test class com.example.demo.controller.BonusGameControllerTest
2019-08-08 12:48:34.827  INFO 14148 --- [           main] .b.t.c.SpringBootTestContextBootstrapper : Loaded default TestExecutionListener class names from location [META-INF/spring.factories]: [org.springframework.boot.test.mock.mockito.MockitoTestExecutionListener, org.springframework.boot.test.mock.mockito.ResetMocksTestExecutionListener, org.springframework.boot.test.autoconfigure.restdocs.RestDocsTestExecutionListener, org.springframework.boot.test.autoconfigure.web.client.MockRestServiceServerResetTestExecutionListener, org.springframework.boot.test.autoconfigure.web.servlet.MockMvcPrintOnlyOnFailureTestExecutionListener, org.springframework.boot.test.autoconfigure.web.servlet.WebDriverTestExecutionListener, org.springframework.test.context.web.ServletTestExecutionListener, org.springframework.test.context.support.DirtiesContextBeforeModesTestExecutionListener, org.springframework.test.context.support.DependencyInjectionTestExecutionListener, org.springframework.test.context.support.DirtiesContextTestExecutionListener, org.springframework.test.context.transaction.TransactionalTestExecutionListener, org.springframework.test.context.jdbc.SqlScriptsTestExecutionListener]
2019-08-08 12:48:34.828  INFO 14148 --- [           main] .b.t.c.SpringBootTestContextBootstrapper : Using TestExecutionListeners: [org.springframework.test.context.web.ServletTestExecutionListener@549404e7, org.springframework.test.context.support.DirtiesContextBeforeModesTestExecutionListener@29c76d75, org.springframework.boot.test.mock.mockito.MockitoTestExecutionListener@346a2799, org.springframework.boot.test.autoconfigure.SpringBootDependencyInjectionTestExecutionListener@17344d7, org.springframework.test.context.support.DirtiesContextTestExecutionListener@75b4db22, org.springframework.test.context.transaction.TransactionalTestExecutionListener@670aac24, org.springframework.test.context.jdbc.SqlScriptsTestExecutionListener@23909b3, org.springframework.boot.test.mock.mockito.ResetMocksTestExecutionListener@1977b0df, org.springframework.boot.test.autoconfigure.restdocs.RestDocsTestExecutionListener@4a490518, org.springframework.boot.test.autoconfigure.web.client.MockRestServiceServerResetTestExecutionListener@7890fbf9, org.springframework.boot.test.autoconfigure.web.servlet.MockMvcPrintOnlyOnFailureTestExecutionListener@32ae11c9, org.springframework.boot.test.autoconfigure.web.servlet.WebDriverTestExecutionListener@167bae0b]

  .   ____          _            __ _ _
 /\\ / ___'_ __ _ _(_)_ __  __ _ \ \ \ \
( ( )\___ | '_ | '_| | '_ \/ _` | \ \ \ \
 \\/  ___)| |_)| | | | | || (_| |  ) ) ) )
  '  |____| .__|_| |_|_| |_\__, | / / / /
 =========|_|==============|___/=/_/_/_/
 :: Spring Boot ::        (v2.1.6.RELEASE)

2019-08-08 12:48:34.854  INFO 14148 --- [           main] c.e.d.c.BonusGameControllerTest          : Starting BonusGameControllerTest on T460p-amelnyk with PID 14148 (started by amelnyk in D:\projects\personal\BonusService)
2019-08-08 12:48:34.855  INFO 14148 --- [           main] c.e.d.c.BonusGameControllerTest          : No active profile set, falling back to default profiles: default
2019-08-08 12:48:35.193  INFO 14148 --- [           main] .s.d.r.c.RepositoryConfigurationDelegate : Bootstrapping Spring Data repositories in DEFAULT mode.
2019-08-08 12:48:35.203  INFO 14148 --- [           main] .s.d.r.c.RepositoryConfigurationDelegate : Finished Spring Data repository scanning in 10ms. Found 1 repository interfaces.
2019-08-08 12:48:35.309  INFO 14148 --- [           main] trationDelegate$BeanPostProcessorChecker : Bean 'org.springframework.transaction.annotation.ProxyTransactionManagementConfiguration' of type [org.springframework.transaction.annotation.ProxyTransactionManagementConfiguration$$EnhancerBySpringCGLIB$$a654396c] is not eligible for getting processed by all BeanPostProcessors (for example: not eligible for auto-proxying)
2019-08-08 12:48:35.545  INFO 14148 --- [           main] o.s.b.w.embedded.tomcat.TomcatWebServer  : Tomcat initialized with port(s): 0 (http)
2019-08-08 12:48:35.591  INFO 14148 --- [           main] o.apache.catalina.core.StandardService   : Starting service [Tomcat]
2019-08-08 12:48:35.591  INFO 14148 --- [           main] org.apache.catalina.core.StandardEngine  : Starting Servlet engine: [Apache Tomcat/9.0.21]
2019-08-08 12:48:35.767  INFO 14148 --- [           main] o.a.c.c.C.[Tomcat].[localhost].[/]       : Initializing Spring embedded WebApplicationContext
2019-08-08 12:48:35.767  INFO 14148 --- [           main] o.s.web.context.ContextLoader            : Root WebApplicationContext: initialization completed in 911 ms
2019-08-08 12:48:36.774  INFO 14148 --- [           main] o.hibernate.jpa.internal.util.LogHelper  : HHH000204: Processing PersistenceUnitInfo [
	name: default
	...]
2019-08-08 12:48:36.785  INFO 14148 --- [           main] org.hibernate.dialect.Dialect            : HHH000400: Using dialect: org.hibernate.dialect.H2Dialect
2019-08-08 12:48:37.229  INFO 14148 --- [           main] o.h.t.schema.internal.SchemaCreatorImpl  : HHH000476: Executing import script 'org.hibernate.tool.schema.internal.exec.ScriptSourceInputNonExistentImpl@1686ed85'
2019-08-08 12:48:37.436  INFO 14148 --- [           main] j.LocalContainerEntityManagerFactoryBean : Initialized JPA EntityManagerFactory for persistence unit 'default'
2019-08-08 12:48:37.713  INFO 14148 --- [           main] o.h.h.i.QueryTranslatorFactoryInitiator  : HHH000397: Using ASTQueryTranslatorFactory
2019-08-08 12:48:38.345  INFO 14148 --- [           main] o.s.s.concurrent.ThreadPoolTaskExecutor  : Initializing ExecutorService 'applicationTaskExecutor'
2019-08-08 12:48:38.358  WARN 14148 --- [           main] aWebConfiguration$JpaWebMvcConfiguration : spring.jpa.open-in-view is enabled by default. Therefore, database queries may be performed during view rendering. Explicitly configure spring.jpa.open-in-view to disable this warning
2019-08-08 12:48:38.619  INFO 14148 --- [           main] o.a.c.c.C.[Tomcat].[localhost].[/]       : Initializing Spring TestDispatcherServlet ''
2019-08-08 12:48:38.619  INFO 14148 --- [           main] o.s.t.web.servlet.TestDispatcherServlet  : Initializing Servlet ''
2019-08-08 12:48:38.642  INFO 14148 --- [           main] o.s.b.a.e.web.EndpointLinksResolver      : Exposing 2 endpoint(s) beneath base path '/actuator'
2019-08-08 12:48:38.677  INFO 14148 --- [           main] o.s.t.web.servlet.TestDispatcherServlet  : Completed initialization in 58 ms
2019-08-08 12:48:38.749  INFO 14148 --- [           main] o.s.b.w.embedded.tomcat.TomcatWebServer  : Tomcat started on port(s): 60328 (http) with context path ''
2019-08-08 12:48:38.750  INFO 14148 --- [           main] c.e.d.c.BonusGameControllerTest          : Started BonusGameControllerTest in 3.92 seconds (JVM running for 12.653)
]]></system-out>
  </testcase>
  <testcase name="getAllBonuses" classname="com.example.demo.controller.BonusGameControllerTest" time="0.214">
    <error message="&#10;when() requires an argument which has to be &apos;a method call on a mock&apos;.&#10;For example:&#10;    when(mock.getArticles()).thenReturn(articles);&#10;&#10;Also, this error might show up because:&#10;1. you stub either of: final/private/equals()/hashCode() methods.&#10;   Those methods *cannot* be stubbed/verified.&#10;   Mocking methods declared on non-public parent classes is not supported.&#10;2. inside when() you don&apos;t call method on mock but on some other object.&#10;" type="org.mockito.exceptions.misusing.MissingMethodInvocationException">org.mockito.exceptions.misusing.MissingMethodInvocationException: 

when() requires an argument which has to be 'a method call on a mock'.
For example:
    when(mock.getArticles()).thenReturn(articles);

Also, this error might show up because:
1. you stub either of: final/private/equals()/hashCode() methods.
   Those methods *cannot* be stubbed/verified.
   Mocking methods declared on non-public parent classes is not supported.
2. inside when() you don't call method on mock but on some other object.

	at com.example.demo.controller.BonusGameControllerTest.before(BonusGameControllerTest.java:43)
</error>
  </testcase>
</testsuite>